2025-10-23 22:55:46,309 - INFO - main => starting Daily-journal-sync...
2025-10-23 22:55:46,325 - INFO - main => writer pid=5292
2025-10-23 22:55:46,326 - INFO - main => listening on FIFO /tmp/djs_queue (echo 'hello' > /tmp/djs_queue)
2025-10-23 22:55:46,603 - WARNING - weather => weather fetch failed: Extra data: line 1 column 2 (char 1)
2025-10-23 22:55:46,606 - INFO - writer => writer started. writing to /home/yasmi/journal-repo/entries/2025-10-23.md
2025-10-23 22:57:58,410 - INFO - writer => appended entry: 'the first note!'
2025-10-23 22:58:13,521 - INFO - writer => appended entry: 'the second note!'
2025-10-23 23:03:55,273 - INFO - main => starting Daily-journal-sync...
2025-10-23 23:03:55,279 - INFO - main => writer pid=5332
2025-10-23 23:03:55,280 - INFO - main => listening on FIFO /tmp/djs_queue (echo 'hello' > /tmp/djs_queue)
2025-10-23 23:03:55,581 - WARNING - weather => weather fetch failed: Extra data: line 1 column 2 (char 1)
2025-10-23 23:03:55,583 - INFO - writer => writer started. writing to /home/yasmi/journal-repo/entries/2025-10-23.md
2025-10-23 23:04:06,425 - INFO - writer => appended entry: 'testing weather header'
2025-10-23 23:07:03,767 - INFO - main => starting Daily-journal-sync...
2025-10-23 23:07:03,773 - INFO - main => writer pid=5400
2025-10-23 23:07:03,774 - INFO - main => listening on FIFO /tmp/djs_queue (echo 'hello' > /tmp/djs_queue)
2025-10-23 23:07:04,051 - WARNING - weather => weather fetch failed: Extra data: line 1 column 2 (char 1)
2025-10-23 23:07:04,053 - INFO - writer => writer started. writing to /home/yasmi/journal-repo/entries/2025-10-23.md
2025-10-23 23:07:36,601 - INFO - writer => appended entry: 'testing weather header'
2025-10-23 23:09:23,008 - INFO - main => starting Daily-journal-sync...
2025-10-23 23:09:23,014 - INFO - main => writer pid=5431
2025-10-23 23:09:23,014 - INFO - main => listening on FIFO /tmp/djs_queue (echo 'hello' > /tmp/djs_queue)
2025-10-23 23:09:23,015 - INFO - writer => writer started. writing to /home/yasmi/journal-repo/entries/2025-10-23.md
2025-10-23 23:09:38,082 - INFO - main => shutting down by KeyboardInterrupt
2025-10-23 23:16:37,467 - INFO - main => starting Daily-journal-sync...
2025-10-23 23:16:37,474 - INFO - main => writer pid=5556
2025-10-23 23:16:37,475 - INFO - main => listening on FIFO /tmp/djs_queue (echo 'hello' > /tmp/djs_queue)
2025-10-23 23:16:37,747 - WARNING - weather => weather fetch failed: Extra data: line 1 column 2 (char 1)
2025-10-23 23:16:37,759 - INFO - writer => writer started. writing to /home/yasmi/journal-repo/entries/2025-10-23.md
2025-10-23 23:17:00,128 - INFO - writer => appended entry: 'testing weather header'
2025-10-23 23:22:29,957 - INFO - main => starting Daily-journal-sync...
2025-10-23 23:22:29,963 - INFO - main => writer pid=5631
2025-10-23 23:22:29,964 - INFO - main => listening on FIFO /tmp/djs_queue (echo 'hello' > /tmp/djs_queue)
2025-10-23 23:22:29,965 - INFO - writer => writer started. writing to /home/yasmi/journal-repo/entries/2025-10-23.md
2025-10-23 23:23:06,302 - INFO - writer => appended entry: 'testing weather header'
2025-10-23 23:27:46,567 - INFO - main => starting Daily-journal-sync...
2025-10-23 23:27:46,574 - INFO - main => writer pid=5661
2025-10-23 23:27:46,574 - INFO - main => listening on FIFO /tmp/djs_queue (echo 'hello' > /tmp/djs_queue)
2025-10-23 23:27:46,863 - WARNING - weather => weather fetch failed: Extra data: line 1 column 2 (char 1)
2025-10-23 23:27:46,864 - INFO - writer => writer started. writing to /home/yasmi/journal-repo/entries/2025-10-23.md
2025-10-23 23:27:52,378 - INFO - writer => appended entry: 'testing weather header'
2025-10-23 23:35:18,643 - INFO - main => starting Daily-journal-sync...
2025-10-23 23:35:18,649 - INFO - main => writer pid=5740
2025-10-23 23:35:18,649 - INFO - main => listening on FIFO /tmp/djs_queue (echo 'hello' > /tmp/djs_queue)
2025-10-23 23:35:18,942 - WARNING - weather => weather fetch failed: Extra data: line 1 column 2 (char 1)
2025-10-23 23:35:18,944 - INFO - writer => writer started. writing to /home/yasmi/journal-repo/entries/2025-10-23.md
2025-10-23 23:35:28,111 - INFO - writer => appended entry: 'testing weather header'
2025-10-23 23:44:37,178 - INFO - main => starting Daily-journal-sync...
2025-10-23 23:44:37,184 - INFO - main => writer pid=5863
2025-10-23 23:44:37,185 - INFO - main => listening on FIFO /tmp/djs_queue (echo 'hello' > /tmp/djs_queue)
2025-10-23 23:44:37,186 - INFO - writer => writer started. writing to /home/yasmi/journal-repo/entries/2025-10-23.md
2025-10-23 23:45:21,759 - INFO - main => starting Daily-journal-sync...
2025-10-23 23:45:21,766 - INFO - main => writer pid=5880
2025-10-23 23:45:21,767 - INFO - main => listening on FIFO /tmp/djs_queue (echo 'hello' > /tmp/djs_queue)
2025-10-23 23:45:22,039 - INFO - writer => writer started. writing to /home/yasmi/journal-repo/entries/2025-10-23.md
2025-10-23 23:45:34,661 - INFO - writer => appended entry: 'testing weather header (after fix)'
2025-10-23 23:53:15,074 - INFO - writer => appended entry: 'hi'
2025-10-23 23:53:18,678 - INFO - writer => appended entry: 'hi2'
2025-10-23 23:53:25,103 - INFO - writer => appended entry: "i've deleted u"
2025-10-23 23:55:24,878 - INFO - writer => appended entry: 'testing 1ls -lals -lals -lals -lals -lals -lals -lals -lals -lals -lals -lals -lals -lals -lals -lals -la!'
2025-10-23 23:55:36,349 - INFO - writer => appended entry: 'testing 1ls -lals -lals -lals -lals -lals -lals -lals -lals -lals -lals -lals -lals -lals -lals -lals -la!'
2025-10-23 23:55:37,433 - INFO - writer => appended entry: 'testing 1ls -lals -lals -lals -lals -lals -lals -lals -lals -lals -lals -lals -lals -lals -lals -lals -la!'
2025-10-23 23:55:53,137 - INFO - writer => appended entry: 'testing'
2025-10-23 23:56:20,727 - INFO - writer => appended entry: 'test push line  test push line  test push line  test push line  test push line  test push line  test push line  test push line  test push line  test push line  test push line  test push line  test push line  test push line  test push line  test push line  test push line  test push line  test push line  test push line  test push line  test push line  test push line  test push line  test push line  test push line  test push line  test push line  test push line  test push line  test push line  test push line  test push line  test push line  test push line  test push line  test push line  test push line  test push line  test push line  test push line  test push line  test push line  test push line  test push line  test push line  test push line  test push line  test push line  test push line  test push line  test push line  test push line  test push line  test push line  test push line  test push line  test push line  test push line  test push line  test push line  test push line  test push line  test push line  test push line  test push line  test push line  test push line  test push line  test push line  test push line  test push line  test push line  test push line  test push line  test push line  test push line  test push line  test push line  test push line  test push line  test push line  test push line  test push line  test push line  test push line  test push line  test push line  test push line  test push line  test push line  test push line  test push line  test push line  test push line  test push line  test push line  test push line  test push line  test push line  test push line  test push line  test push line  test push line  test push line  test push line  test push line  test push line  test push line  test push line  test push line  test push line  test push line  test push line  test push line  test push line  test push line  test push line  test push line  test push line  test push line  test push line  test push line  test push line  test push line  test push line  test push line  test push line  test push line  test push line  test push line  test push line  test push line  test push line  test push line  test push line  test push line  test push line  test push line  test push line  test push line  test push line  test push line  test push line  test push line  test push line  test push line  test push line  test push line  test push line  test push line  test push line  test push line  test push line  test push line  test push line  test push line  test push line  test push line  test push line  test push line  test push line  test push line  test push line  test push line  test push line  test push line  test push line  test push line  test push line  test push line  test push line  test push line  test push line  test push line  test push line  test push line  test push line  test push line  test push line  test push line  test push line  test push line  test push line  test push line  test push line  test push line  test push line  test push line  test push line  test push line  test push line  test push line  test push line  test push line  test push line  test push line  test push line  test push line  test push line  test push line  test push line  test push line  test push line  test push line  test push line  test push line  test push line  test push line  test push line  test push line  test push line  test push line  test push line  test push line  test push line  test push line  test push line  test push line  test push line  test push line  test push line  test push line  test push line  test push line  test push line  test push line  test push line  test push line  test push line  test push line  test push line  test push line  test push line  test push line  test push line  test push line  test push line  test push line  test push line  test push line  test push line  test push line  test push line  test push line  test push line  test push line  test push line  test push line  test push line  test push line  test push line  test push line  test push line  test push line  test push line  test push line  test push line  test push line  test push line  test push line  test push line  test push line  test push line  test push line  test push line  test push line  test push line  test push line  test push line  test push line  test push line  test push line  test push line  test push line  test push line  test push line  test push line  test push line  test push line  test push line  test push line  test push line  test push line  test push line  test push line  test push line  test push line  test push line  test push line  test push line  test push line  test push line  test push line  test push line  test push line  test push line  test push line  test push line  test push line  test push line  test push line  test push line  test push line  test push line  test push line  test push line  test push line  test push line  test push line  test push line  test push line  test push line  test push line  test push line  test push line  test push line  test push line  test push line  test push line  test push line  test push line  test push line  test push line  test push line  test push line  test push line  test push line  test push line  test push line  test push line  test push line  test push line  test push line  test push line  test push line  test push line  test push line  test push line  test push line  test push line  test push line  test push line  test push line  test push line  test push line  test push line  test push line  test push line  test push line  test push line  test push line  test push line  test push line  test push line  test push line  test push line  test push line  test push line  test push line  test push line  test push line  test push line  test push line  test push line  test push line  test push line  test push line  test push line  test push line  test push line  test push line  test push line  test push line  test push line  test push line  test push line  test push line  test push line  test push line  test push line  test push line  test push line  test push line  test push line  test push line  test push line  test push line  test push line  test push line  test push line  test push line  test push line  test push line  test push line  test push line  test push line  test push line  test push line  test push line  test push line  test push line  test push line  test push line  test push line  test push line  test push line  test push line  test push line  test push line  test push line  test push line  test push line  test push line  test push line  test push line  test push line  test push line  test push line  test push line  test push line  test push line  test push line  test push line  test push line  test push line  test push line  test push line  test push line  test push line  test push line  test push line  test push line  test push line  test push line  test push line  test push line  test push line  test push line  test push line  test push line  test push line  test push line  test push line  test push line  test push line  test push line  test push line  test push line  test push line  test push line  test push line  test push line  test push line  test push line  test push line  test push line  test push line  test push line  test push line  test push line  test push line  test push line  test push line  test push line  test push line  test push line  test push line  test push line  test push line  test push line  test push line  test push line  test push line  test push line  test push line  test push line  test push line  test push line  test push line  test push line  test push line  test push line  test push line  test push line  test push line  test push line  test push line  test push line  test push line  test push line  test push line  test push line  test push line  test push line  test push line  test push line  test push line  test push line  test push line  test push line  test push line  test push line  test push line  test push line  test push line  test push line  test push line  test push line  test push line  test push line  test push line  test push line  test push line  test push line  test push line  test push line  test push line  test push line  test push line  test push line  test push line  test push line  test push line  test push line  test push line  test push line  test push line  test push line  test push line  test push line  test push line  test push line  test push line  test push line  test push line  test push line  test push line  test push line  test push line  test push line  test push line  test push line  test push line  test push line  test push line  test push line  test push line  test push line  test push line  test push line  test push line  test push line  test push line  test push line  test push line  test push line  test push line  test push line  test push line  test push line  test push line  test push line  test push line  test push line  test push line  test push line  test push line  test push line  test push line  test push line  test push line  test push line  test push line  test push line  test push line  test push line  test push line  test push line  test push line  test push line  test push line  test push line  test push line  test push line  test push line  test push line  test push line  test push line  test push line  test push line  test push line  test push line  test push line  test push line  test push line  test push line  test push line  test push line  test push line'
2025-10-23 23:56:40,878 - INFO - writer => appended entry: 'hi'
2025-10-23 23:56:41,956 - INFO - writer => appended entry: 'hi'
2025-10-23 23:56:43,193 - INFO - writer => appended entry: 'hi'
2025-10-23 23:56:44,192 - INFO - writer => appended entry: 'hi'
2025-10-23 23:57:37,114 - INFO - writer => appended entry: 'hi'
2025-10-23 23:57:37,744 - INFO - writer => appended entry: 'hi'
2025-10-23 23:57:38,387 - INFO - writer => appended entry: 'hi'
2025-10-23 23:57:39,110 - INFO - writer => appended entry: 'hi'
2025-10-23 23:57:39,760 - INFO - writer => appended entry: 'hi'
2025-10-23 23:57:46,866 - INFO - writer => appended entry: 'hi'
2025-10-23 23:57:46,866 - INFO - writer => 2025-10-23.md reached >=10KB; pushing to GitHub...
2025-10-23 23:57:47,779 - INFO - writer => appended entry: 'hi'
2025-10-23 23:57:47,780 - INFO - writer => 2025-10-23.md reached >=10KB; pushing to GitHub...
2025-10-23 23:57:48,350 - INFO - writer => appended entry: 'hi'
2025-10-23 23:57:48,350 - INFO - writer => 2025-10-23.md reached >=10KB; pushing to GitHub...
2025-10-23 23:57:48,751 - INFO - writer => appended entry: 'hi'
2025-10-23 23:57:48,751 - INFO - writer => 2025-10-23.md reached >=10KB; pushing to GitHub...
